------------------------------------------------------------
/usr/bin/pip run on Mon Apr  4 20:49:27 2016
adium-theme-ubuntu (0.3.4)
apt-xapian-index (0.45)
argparse (1.2.1)
args (0.1.0)
asteval (0.9.1)
astroid (1.3.4)
beautifulsoup4 (4.2.1)
blinker (1.3)
bzr (2.7.0.dev1)
catkin-pkg (0.2.10)
ccsm (0.9.11.3)
chardet (2.0.1)
clint (0.4.1)
colorama (0.2.5)
command-not-found (0.3)
compizconfig-python (0.9.11.3)
configobj (4.7.2)
cov-core (1.15.0)
coverage (3.7.1)
cvxopt (1.1.4)
Cython (0.21)
DBUtils (1.1)
debtagshw (0.1)
decorator (3.4.0)
defer (1.0.6)
dirspec (13.10)
distribute (0.7.3)
docutils (0.11)
duplicity (0.6.23)
empy (3.1)
execnet (1.3.0)
Flask (0.10.1)
gyp (0.1)
h5py (2.3.1)
html5lib (0.999)
httplib2 (0.8)
iotop (0.6)
ipython (2.3.0)
itsdangerous (0.22)
Jinja2 (2.7.2)
joblib (0.7.1)
keyring (3.5)
launchpadlib (1.10.2)
lazr.restfulclient (0.13.3)
lazr.uri (1.0.3)
lmdb (0.84)
lockfile (0.8)
logilab-common (0.63.2)
lxml (3.3.3)
MarkupSafe (0.18)
matplotlib (1.3.1)
mercurial (2.8.2)
meshtool (0.3)
mock (1.0.1)
MySQL-python (1.2.3)
netifaces (0.8)
networkx (1.9.1)
nose (1.3.1)
numexpr (2.2.2)
numpy (1.10.4)
nupic (0.2.1)
oauth (1.0.1)
oauthlib (0.6.1)
oneconf (0.3.7)
openpyxl (1.7.0)
openslide-python (0.5.1)
ordereddict (1.1)
PAM (0.4.2)
pandas (0.14.1)
paramiko (1.10.1)
patsy (0.2.1)
pexif (0.15)
pexpect (3.1)
Pillow (2.3.0)
pip (1.5.4)
piston-mini-client (0.7.5)
prettytable (0.7.2)
protobuf (3.0.0b2)
psutil (1.0.1)
py (1.4.26)
pycapnp (0.5.1)
pycollada (0.4.1)
pycrypto (2.6.1)
pycups (1.9.66)
pycurl (7.19.3)
Exception:
Traceback (most recent call last):
  File "/usr/lib/python2.7/dist-packages/pip/basecommand.py", line 122, in main
    status = self.run(options, args)
  File "/usr/lib/python2.7/dist-packages/pip/commands/list.py", line 80, in run
    self.run_listing(options)
  File "/usr/lib/python2.7/dist-packages/pip/commands/list.py", line 142, in run_listing
    self.output_package_listing(installed_packages)
  File "/usr/lib/python2.7/dist-packages/pip/commands/list.py", line 151, in output_package_listing
    if dist_is_editable(dist):
  File "/usr/lib/python2.7/dist-packages/pip/util.py", line 366, in dist_is_editable
    req = FrozenRequirement.from_dist(dist, [])
  File "/usr/lib/python2.7/dist-packages/pip/__init__.py", line 286, in from_dist
    assert len(specs) == 1 and specs[0][0] == '=='
AssertionError
